<?xml version="1.0" encoding="UTF-8"?>
<!-- Generated by org.testng.reporters.JUnitReportReporter -->
<testsuite skipped="0" hostname="DESKTOP-24LSJ4F" name="runner.exmRunner" tests="1" failures="0" timestamp="2021-06-26T10:09:00 IST" time="0.151" errors="0">
  <testcase name="runScenario" time="0.151" classname="runner.exmRunner"/>
  <system-out/>
</testsuite> <!-- runner.exmRunner -->
