<?xml version="1.0" encoding="UTF-8"?>
<!-- Generated by org.testng.reporters.JUnitReportReporter -->
<testsuite hostname="RYZEN" failures="0" tests="1" name="com.runner.Runner" time="41.946" errors="0" timestamp="2021-07-25T15:18:32 IST" skipped="0">
  <testcase classname="com.runner.Runner" name="runScenario" time="41.946"/>
  <system-out/>
</testsuite> <!-- com.runner.Runner -->
